Using pre-set license
Built from '2021.3/staging' branch; Version is '2021.3.19f1 (c9714fde33b6) revision 13201743'; Using compiler version '192829333'; Build Type 'Release'
OS: 'Windows 10  (10.0.18363) 64bit Professional' Language: 'en' Physical Memory: 16360 MB
BatchMode: 1, IsHumanControllingUs: 0, StartBugReporterOnCrash: 0, Is64bit: 1, IsPro: 1

COMMAND LINE ARGUMENTS:
C:\Program Files\Unity\Hub\Editor\2021.3.19f1\Editor\Unity.exe
-adb2
-batchMode
-noUpm
-name
AssetImportWorker3
-projectPath
D:/unity files/unityProjectA
-logFile
Logs/AssetImportWorker3.log
-srvPort
50971
Successfully changed project path to: D:/unity files/unityProjectA
D:/unity files/unityProjectA
[UnityMemory] Configuration Parameters - Can be set up in boot.config
    "memorysetup-bucket-allocator-granularity=16"
    "memorysetup-bucket-allocator-bucket-count=8"
    "memorysetup-bucket-allocator-block-size=33554432"
    "memorysetup-bucket-allocator-block-count=8"
    "memorysetup-main-allocator-block-size=16777216"
    "memorysetup-thread-allocator-block-size=16777216"
    "memorysetup-gfx-main-allocator-block-size=16777216"
    "memorysetup-gfx-thread-allocator-block-size=16777216"
    "memorysetup-cache-allocator-block-size=4194304"
    "memorysetup-typetree-allocator-block-size=2097152"
    "memorysetup-profiler-bucket-allocator-granularity=16"
    "memorysetup-profiler-bucket-allocator-bucket-count=8"
    "memorysetup-profiler-bucket-allocator-block-size=33554432"
    "memorysetup-profiler-bucket-allocator-block-count=8"
    "memorysetup-profiler-allocator-block-size=16777216"
    "memorysetup-profiler-editor-allocator-block-size=1048576"
    "memorysetup-temp-allocator-size-main=16777216"
    "memorysetup-job-temp-allocator-block-size=2097152"
    "memorysetup-job-temp-allocator-block-size-background=1048576"
    "memorysetup-job-temp-allocator-reduction-small-platforms=262144"
    "memorysetup-temp-allocator-size-background-worker=32768"
    "memorysetup-temp-allocator-size-job-worker=262144"
    "memorysetup-temp-allocator-size-preload-manager=33554432"
    "memorysetup-temp-allocator-size-nav-mesh-worker=65536"
    "memorysetup-temp-allocator-size-audio-worker=65536"
    "memorysetup-temp-allocator-size-cloud-worker=32768"
    "memorysetup-temp-allocator-size-gi-baking-worker=262144"
    "memorysetup-temp-allocator-size-gfx=262144"
Player connection [20748] Host "[IP] 192.168.1.27 [Port] 0 [Flags] 2 [Guid] 1175259260 [EditorId] 1175259260 [Version] 1048832 [Id] WindowsEditor(7,DESKTOP-ABC) [Debug] 1 [PackageName] WindowsEditor [ProjectName] Editor" joined multi-casting on [225.0.0.222:54997]...

Player connection [20748] Host "[IP] 192.168.1.27 [Port] 0 [Flags] 2 [Guid] 1175259260 [EditorId] 1175259260 [Version] 1048832 [Id] WindowsEditor(7,DESKTOP-ABC) [Debug] 1 [PackageName] WindowsEditor [ProjectName] Editor" joined alternative multi-casting on [225.0.0.222:34997]...

Refreshing native plugins compatible for Editor in 166.81 ms, found 3 plugins.
Preloading 0 native plugins for Editor in 0.00 ms.
Initialize engine version: 2021.3.19f1 (c9714fde33b6)
[Subsystems] Discovering subsystems at path C:/Program Files/Unity/Hub/Editor/2021.3.19f1/Editor/Data/Resources/UnitySubsystems
[Subsystems] Discovering subsystems at path D:/unity files/unityProjectA/Assets
GfxDevice: creating device client; threaded=0; jobified=0
Direct3D:
    Version:  Direct3D 11.0 [level 11.0]
    Renderer: AMD Radeon HD 6800 Series (ID=0x6739)
    Vendor:   ATI
    VRAM:     1011 MB
    Driver:   15.201.1151.1008
Initialize mono
Mono path[0] = 'C:/Program Files/Unity/Hub/Editor/2021.3.19f1/Editor/Data/Managed'
Mono path[1] = 'C:/Program Files/Unity/Hub/Editor/2021.3.19f1/Editor/Data/MonoBleedingEdge/lib/mono/unityjit-win32'
Mono config path = 'C:/Program Files/Unity/Hub/Editor/2021.3.19f1/Editor/Data/MonoBleedingEdge/etc'
Using monoOptions --debugger-agent=transport=dt_socket,embedding=1,server=y,suspend=n,address=127.0.0.1:56180
Begin MonoManager ReloadAssembly
Registering precompiled unity dll's ...
Register platform support module: C:/Program Files/Unity/Hub/Editor/2021.3.19f1/Editor/Data/PlaybackEngines/WindowsStandaloneSupport/UnityEditor.WindowsStandalone.Extensions.dll
Registered in 0.018833 seconds.
Native extension for WindowsStandalone target not found
Refreshing native plugins compatible for Editor in 202.31 ms, found 3 plugins.
Preloading 0 native plugins for Editor in 0.00 ms.
Mono: successfully reloaded assembly
- Completed reload, in  2.294 seconds
Domain Reload Profiling:
	ReloadAssembly (2296ms)
		BeginReloadAssembly (312ms)
			ExecutionOrderSort (0ms)
			DisableScriptedObjects (0ms)
			BackupInstance (0ms)
			ReleaseScriptingObjects (0ms)
			CreateAndSetChildDomain (3ms)
		EndReloadAssembly (1620ms)
			LoadAssemblies (301ms)
			RebuildTransferFunctionScriptingTraits (0ms)
			SetupTypeCache (315ms)
			ReleaseScriptCaches (0ms)
			RebuildScriptCaches (87ms)
			SetupLoadedEditorAssemblies (1017ms)
				LogAssemblyErrors (0ms)
				InitializePlatformSupportModulesInManaged (24ms)
				SetLoadedEditorAssemblies (1ms)
				RefreshPlugins (202ms)
				BeforeProcessingInitializeOnLoad (7ms)
				ProcessInitializeOnLoadAttributes (595ms)
				ProcessInitializeOnLoadMethodAttributes (187ms)
				AfterProcessingInitializeOnLoad (0ms)
				EditorAssembliesLoaded (0ms)
			ExecutionOrderSort2 (0ms)
			AwakeInstancesAfterBackupRestoration (0ms)
Platform modules already initialized, skipping
Registering precompiled user dll's ...
Registered in 0.009639 seconds.
Begin MonoManager ReloadAssembly
Symbol file LoadedFromMemory doesn't match image D:\unity files\unityProjectA\Library\PackageCache\com.unity.visualscripting@1.8.0\Editor\VisualScripting.Core\Dependencies\YamlDotNet\Unity.VisualScripting.YamlDotNet.dll
Symbol file LoadedFromMemory doesn't match image D:\unity files\unityProjectA\Library\PackageCache\com.unity.visualscripting@1.8.0\Editor\VisualScripting.Core\Dependencies\DotNetZip\Unity.VisualScripting.IonicZip.dll
Native extension for WindowsStandalone target not found
Refreshing native plugins compatible for Editor in 1.55 ms, found 3 plugins.
Preloading 0 native plugins for Editor in 0.00 ms.
Mono: successfully reloaded assembly
- Completed reload, in  4.043 seconds
Domain Reload Profiling:
	ReloadAssembly (4046ms)
		BeginReloadAssembly (433ms)
			ExecutionOrderSort (0ms)
			DisableScriptedObjects (26ms)
			BackupInstance (0ms)
			ReleaseScriptingObjects (0ms)
			CreateAndSetChildDomain (64ms)
		EndReloadAssembly (3113ms)
			LoadAssemblies (286ms)
			RebuildTransferFunctionScriptingTraits (0ms)
			SetupTypeCache (1002ms)
			ReleaseScriptCaches (1ms)
			RebuildScriptCaches (208ms)
			SetupLoadedEditorAssemblies (1347ms)
				LogAssemblyErrors (0ms)
				InitializePlatformSupportModulesInManaged (32ms)
				SetLoadedEditorAssemblies (2ms)
				RefreshPlugins (2ms)
				BeforeProcessingInitializeOnLoad (247ms)
				ProcessInitializeOnLoadAttributes (918ms)
				ProcessInitializeOnLoadMethodAttributes (116ms)
				AfterProcessingInitializeOnLoad (29ms)
				EditorAssembliesLoaded (1ms)
			ExecutionOrderSort2 (0ms)
			AwakeInstancesAfterBackupRestoration (35ms)
Platform modules already initialized, skipping
========================================================================
Worker process is ready to serve import requests
Launched and connected shader compiler UnityShaderCompiler.exe after 0.16 seconds
Refreshing native plugins compatible for Editor in 1.11 ms, found 3 plugins.
Preloading 0 native plugins for Editor in 0.00 ms.
Unloading 3140 Unused Serialized files (Serialized files now loaded: 0)
Unloading 22 unused Assets / (56.1 KB). Loaded Objects now: 3604.
Memory consumption went from 113.6 MB to 113.6 MB.
Total: 9.534312 ms (FindLiveObjects: 0.589111 ms CreateObjectMapping: 0.284044 ms MarkObjects: 8.474401 ms  DeleteObjects: 0.176978 ms)

AssetImportParameters requested are different than current active one (requested -> active):
  custom:video-decoder-ogg-theora: a1e56fd34408186e4bbccfd4996cb3dc -> 
  custom:container-muxer-webm: aa71ff27fc2769a1b78a27578f13a17b -> 
  custom:container-demuxer-webm: 4f35f7cbe854078d1ac9338744f61a02 -> 
  custom:video-encoder-webm-vp8: eb34c28f22e8b96e1ab97ce403110664 -> 
  custom:audio-encoder-webm-vorbis: bf7c407c2cedff20999df2af8eb42d56 -> 
  custom:framework-win-MediaFoundation: 216162199b28c13a410421893ffa2e32 -> 
  custom:container-demuxer-ogg: 62fdf1f143b41e24485cea50d1cbac27 -> 
  custom:video-decoder-webm-vp8: 9c59270c3fd7afecdb556c50c9e8de78 -> 
  custom:audio-decoder-ogg-vorbis: bf7c407c2cedff20999df2af8eb42d56 -> 
========================================================================
Received Import Request.
  Time since last request: 4497.061479 seconds.
  path: Assets/materials/VFX/JMO Assets/Cartoon FX Remaster/CFXR Assets/Graphics/cfxr water small splash stretch nosp hdr ab.mat
  artifactKey: Guid(36dcca5227bbc824d80abd795d31fe48) Importer(815301076,1909f56bfc062723c751e8b465ee728b)
Start importing Assets/materials/VFX/JMO Assets/Cartoon FX Remaster/CFXR Assets/Graphics/cfxr water small splash stretch nosp hdr ab.mat using Guid(36dcca5227bbc824d80abd795d31fe48) Importer(815301076,1909f56bfc062723c751e8b465ee728b)  -> (artifact id: '98005a4c0f88e6386b6f75bee74aa39f') in 1.012118 seconds 
========================================================================
Received Import Request.
  Time since last request: 0.000055 seconds.
  path: Assets/materials/VFX/JMO Assets/Cartoon FX Remaster/CFXR Assets/Graphics/cfxr ember blur hdr ab.mat
  artifactKey: Guid(6cd2d08f4a4d93542aa0004bdac91566) Importer(815301076,1909f56bfc062723c751e8b465ee728b)
Start importing Assets/materials/VFX/JMO Assets/Cartoon FX Remaster/CFXR Assets/Graphics/cfxr ember blur hdr ab.mat using Guid(6cd2d08f4a4d93542aa0004bdac91566) Importer(815301076,1909f56bfc062723c751e8b465ee728b)  -> (artifact id: 'cb255e93bc3a9059be4b2d0b5b7b7f5a') in 0.348514 seconds 
========================================================================
Received Import Request.
  Time since last request: 0.000065 seconds.
  path: Assets/materials/VFX/JMO Assets/Cartoon FX Remaster/CFXR Assets/Graphics/cfxr flare add.mat
  artifactKey: Guid(30c41c686541ab64bb4c79d84567f3ed) Importer(815301076,1909f56bfc062723c751e8b465ee728b)
Start importing Assets/materials/VFX/JMO Assets/Cartoon FX Remaster/CFXR Assets/Graphics/cfxr flare add.mat using Guid(30c41c686541ab64bb4c79d84567f3ed) Importer(815301076,1909f56bfc062723c751e8b465ee728b)  -> (artifact id: '64e9a5cb2630a73169a5547efb1e4130') in 0.208260 seconds 
========================================================================
Received Import Request.
  Time since last request: 0.000048 seconds.
  path: Assets/materials/VFX/JMO Assets/Cartoon FX Remaster/CFXR Assets/Graphics/cfxr fire crisp fade hdr ab.mat
  artifactKey: Guid(433cfee66f74fd94fa6149666cfbea29) Importer(815301076,1909f56bfc062723c751e8b465ee728b)
Start importing Assets/materials/VFX/JMO Assets/Cartoon FX Remaster/CFXR Assets/Graphics/cfxr fire crisp fade hdr ab.mat using Guid(433cfee66f74fd94fa6149666cfbea29) Importer(815301076,1909f56bfc062723c751e8b465ee728b)  -> (artifact id: 'a9960093798309c4f5b43af0cf6c11b9') in 0.316471 seconds 
========================================================================
Received Import Request.
  Time since last request: 0.000058 seconds.
  path: Assets/materials/VFX/JMO Assets/Cartoon FX Remaster/CFXR Assets/Graphics/cfxr fire plain fade hdr ab.mat
  artifactKey: Guid(c3b36b67920c18a4a8df7edba245e809) Importer(815301076,1909f56bfc062723c751e8b465ee728b)
Start importing Assets/materials/VFX/JMO Assets/Cartoon FX Remaster/CFXR Assets/Graphics/cfxr fire plain fade hdr ab.mat using Guid(c3b36b67920c18a4a8df7edba245e809) Importer(815301076,1909f56bfc062723c751e8b465ee728b)  -> (artifact id: '137a7f9771e6ffb704b06db773024348') in 0.076936 seconds 
========================================================================
Received Import Request.
  Time since last request: 0.000037 seconds.
  path: Assets/TextMesh Pro/Examples & Extras/Resources/Fonts & Materials/LiberationSans SDF - Metalic Green.mat
  artifactKey: Guid(8b29aaa3eec7468097ff07adfcf29ac9) Importer(815301076,1909f56bfc062723c751e8b465ee728b)
Start importing Assets/TextMesh Pro/Examples & Extras/Resources/Fonts & Materials/LiberationSans SDF - Metalic Green.mat using Guid(8b29aaa3eec7468097ff07adfcf29ac9) Importer(815301076,1909f56bfc062723c751e8b465ee728b)  -> (artifact id: '893bada8a9c980a5f1776e2a3af8c8f4') in 0.432660 seconds 
========================================================================
Received Import Request.
  Time since last request: 0.000040 seconds.
  path: Assets/materials/VFX/JMO Assets/Cartoon FX Remaster/CFXR Assets/Graphics/cfxr stretch trait ab.mat
  artifactKey: Guid(dbc2ae6c61d51b04ea1a55fbeff6341e) Importer(815301076,1909f56bfc062723c751e8b465ee728b)
Start importing Assets/materials/VFX/JMO Assets/Cartoon FX Remaster/CFXR Assets/Graphics/cfxr stretch trait ab.mat using Guid(dbc2ae6c61d51b04ea1a55fbeff6341e) Importer(815301076,1909f56bfc062723c751e8b465ee728b)  -> (artifact id: '9fae0c440dd2bef702de0713937671c8') in 0.106171 seconds 
========================================================================
Received Import Request.
  Time since last request: 0.000081 seconds.
  path: Assets/materials/VFX/JMO Assets/Cartoon FX Remaster/CFXR Assets/Graphics/cfxr ww smoke glow ab.mat
  artifactKey: Guid(a73ea21367565fe478f25a8a2e33ade3) Importer(815301076,1909f56bfc062723c751e8b465ee728b)
Start importing Assets/materials/VFX/JMO Assets/Cartoon FX Remaster/CFXR Assets/Graphics/cfxr ww smoke glow ab.mat using Guid(a73ea21367565fe478f25a8a2e33ade3) Importer(815301076,1909f56bfc062723c751e8b465ee728b)  -> (artifact id: '331c22064fc8afa172a9777074b28c29') in 0.270063 seconds 
========================================================================
Received Import Request.
  Time since last request: 0.000040 seconds.
  path: Assets/materials/VFX/JMO Assets/Cartoon FX Remaster/CFXR Assets/Graphics/cfxr spikes half impact hdr ab.mat
  artifactKey: Guid(82c96ba0983dc1a40b9a0e835c34e75f) Importer(815301076,1909f56bfc062723c751e8b465ee728b)
Start importing Assets/materials/VFX/JMO Assets/Cartoon FX Remaster/CFXR Assets/Graphics/cfxr spikes half impact hdr ab.mat using Guid(82c96ba0983dc1a40b9a0e835c34e75f) Importer(815301076,1909f56bfc062723c751e8b465ee728b)  -> (artifact id: '371c4d1f19f8c60ec0a07ab6619b4408') in 0.205312 seconds 
========================================================================
Received Import Request.
  Time since last request: 0.000053 seconds.
  path: Assets/materials/VFX/JMO Assets/Cartoon FX Remaster/CFXR Assets/Graphics/cfxr proc glow soft invert ab.mat
  artifactKey: Guid(b8ec7a237c4ca3645bc1bac3fa060a69) Importer(815301076,1909f56bfc062723c751e8b465ee728b)
Start importing Assets/materials/VFX/JMO Assets/Cartoon FX Remaster/CFXR Assets/Graphics/cfxr proc glow soft invert ab.mat using Guid(b8ec7a237c4ca3645bc1bac3fa060a69) Importer(815301076,1909f56bfc062723c751e8b465ee728b)  -> (artifact id: '06fe14cb689a4af25beb65ac30ebe263') in 0.185617 seconds 
========================================================================
Received Import Request.
  Time since last request: 0.000042 seconds.
  path: Assets/materials/VFX/JMO Assets/Cartoon FX Remaster/CFXR Assets/Graphics/cfxr sword trail bubbles hit.mat
  artifactKey: Guid(f4edd533d90ebd34db5a5946aa12255b) Importer(815301076,1909f56bfc062723c751e8b465ee728b)
Start importing Assets/materials/VFX/JMO Assets/Cartoon FX Remaster/CFXR Assets/Graphics/cfxr sword trail bubbles hit.mat using Guid(f4edd533d90ebd34db5a5946aa12255b) Importer(815301076,1909f56bfc062723c751e8b465ee728b)  -> (artifact id: '0694483f63bb1dcb444f2d9a9657f51f') in 0.396694 seconds 
========================================================================
Received Import Request.
  Time since last request: 0.000063 seconds.
  path: Assets/materials/VFX/JMO Assets/Cartoon FX Remaster/CFXR Assets/Graphics/cfxr cloud blur add.mat
  artifactKey: Guid(0eb2f2d564c8c87418392fdf927b2cee) Importer(815301076,1909f56bfc062723c751e8b465ee728b)
Start importing Assets/materials/VFX/JMO Assets/Cartoon FX Remaster/CFXR Assets/Graphics/cfxr cloud blur add.mat using Guid(0eb2f2d564c8c87418392fdf927b2cee) Importer(815301076,1909f56bfc062723c751e8b465ee728b)  -> (artifact id: '11563d2dd8f85ba1e0c66bceaf59ed70') in 0.335598 seconds 
========================================================================
Received Import Request.
  Time since last request: 0.000133 seconds.
  path: Assets/materials/VFX/JMO Assets/Cartoon FX Remaster/CFXR Assets/Graphics/cfxr water drop blur anim hdr ab.mat
  artifactKey: Guid(9ff4585d5d3df2945b6b02ee4ff389bb) Importer(815301076,1909f56bfc062723c751e8b465ee728b)
Start importing Assets/materials/VFX/JMO Assets/Cartoon FX Remaster/CFXR Assets/Graphics/cfxr water drop blur anim hdr ab.mat using Guid(9ff4585d5d3df2945b6b02ee4ff389bb) Importer(815301076,1909f56bfc062723c751e8b465ee728b)  -> (artifact id: 'b27e4b2c0473aefb6b030c9b53501d97') in 0.368038 seconds 
========================================================================
Received Import Request.
  Time since last request: 0.000063 seconds.
  path: Assets/materials/VFX/JMO Assets/Cartoon FX Remaster/CFXR Assets/Graphics/cfxr heart break parts ab.mat
  artifactKey: Guid(d7e9776f896c4604a9f054a862e1b21e) Importer(815301076,1909f56bfc062723c751e8b465ee728b)
Start importing Assets/materials/VFX/JMO Assets/Cartoon FX Remaster/CFXR Assets/Graphics/cfxr heart break parts ab.mat using Guid(d7e9776f896c4604a9f054a862e1b21e) Importer(815301076,1909f56bfc062723c751e8b465ee728b)  -> (artifact id: '545f331dcb8156050ec27580a89e7e76') in 0.028098 seconds 
========================================================================
Received Import Request.
  Time since last request: 0.000035 seconds.
  path: Assets/materials/VFX/JMO Assets/Cartoon FX Remaster/CFXR Assets/Graphics/cfxr proc ring local space hdr ab.mat
  artifactKey: Guid(851a3f25e203f584bbe9dea88fc580a4) Importer(815301076,1909f56bfc062723c751e8b465ee728b)
Start importing Assets/materials/VFX/JMO Assets/Cartoon FX Remaster/CFXR Assets/Graphics/cfxr proc ring local space hdr ab.mat using Guid(851a3f25e203f584bbe9dea88fc580a4) Importer(815301076,1909f56bfc062723c751e8b465ee728b)  -> (artifact id: 'e51b20acc73be2420dec1b7536d25b6d') in 0.230209 seconds 
========================================================================
Received Import Request.
  Time since last request: 0.000041 seconds.
  path: Assets/materials/VFX/JMO Assets/Cartoon FX Remaster/CFXR Assets/Graphics/cfxr spikes impact add.mat
  artifactKey: Guid(04d0f020002082e4db140d8c0954e83e) Importer(815301076,1909f56bfc062723c751e8b465ee728b)
Start importing Assets/materials/VFX/JMO Assets/Cartoon FX Remaster/CFXR Assets/Graphics/cfxr spikes impact add.mat using Guid(04d0f020002082e4db140d8c0954e83e) Importer(815301076,1909f56bfc062723c751e8b465ee728b)  -> (artifact id: 'e61952e81e0d118fa952bfcedfc909a8') in 0.185612 seconds 
========================================================================
Received Import Request.
  Time since last request: 0.000049 seconds.
  path: Assets/materials/VFX/JMO Assets/Cartoon FX Remaster/CFXR Assets/Graphics/cfxr smoke cloud corner ab.mat
  artifactKey: Guid(59cf83a58db62b64bba7b9a6275da6af) Importer(815301076,1909f56bfc062723c751e8b465ee728b)
Start importing Assets/materials/VFX/JMO Assets/Cartoon FX Remaster/CFXR Assets/Graphics/cfxr smoke cloud corner ab.mat using Guid(59cf83a58db62b64bba7b9a6275da6af) Importer(815301076,1909f56bfc062723c751e8b465ee728b)  -> (artifact id: '4e034c580d3910c22c21138b06cf6897') in 0.175654 seconds 
========================================================================
Received Import Request.
  Time since last request: 0.000034 seconds.
  path: Assets/materials/VFX/JMO Assets/Cartoon FX Remaster/CFXR Assets/Graphics/cfxr proc glow soft hdr p4 add.mat
  artifactKey: Guid(c9a8501c60f73c14c9c50a72b1af44b4) Importer(815301076,1909f56bfc062723c751e8b465ee728b)
Start importing Assets/materials/VFX/JMO Assets/Cartoon FX Remaster/CFXR Assets/Graphics/cfxr proc glow soft hdr p4 add.mat using Guid(c9a8501c60f73c14c9c50a72b1af44b4) Importer(815301076,1909f56bfc062723c751e8b465ee728b)  -> (artifact id: '8d1f4d2f1f123ccfea6782a971dadde7') in 0.195548 seconds 
========================================================================
Received Import Request.
  Time since last request: 0.000040 seconds.
  path: Assets/TextMesh Pro/Resources/Fonts & Materials/LiberationSans SDF - Outline.mat
  artifactKey: Guid(79459efec17a4d00a321bdcc27bbc385) Importer(815301076,1909f56bfc062723c751e8b465ee728b)
Start importing Assets/TextMesh Pro/Resources/Fonts & Materials/LiberationSans SDF - Outline.mat using Guid(79459efec17a4d00a321bdcc27bbc385) Importer(815301076,1909f56bfc062723c751e8b465ee728b)  -> (artifact id: 'ff19aea85215250baafb1eedae024c55') in 0.086038 seconds 
========================================================================
Received Import Request.
  Time since last request: 0.000057 seconds.
  path: Assets/materials/VFX/JMO Assets/Cartoon FX Remaster/CFXR Assets/Graphics/cfxr flamme plain unstable hdr ab.mat
  artifactKey: Guid(8b296f62480ad2d438c02cbde3b5767f) Importer(815301076,1909f56bfc062723c751e8b465ee728b)
Start importing Assets/materials/VFX/JMO Assets/Cartoon FX Remaster/CFXR Assets/Graphics/cfxr flamme plain unstable hdr ab.mat using Guid(8b296f62480ad2d438c02cbde3b5767f) Importer(815301076,1909f56bfc062723c751e8b465ee728b)  -> (artifact id: '969c641d1249e34454580f1b02e5796b') in 0.125551 seconds 
========================================================================
Received Import Request.
  Time since last request: 0.000028 seconds.
  path: Assets/materials/VFX/JMO Assets/Cartoon FX Remaster/CFXR Assets/Graphics/cfxr debris flat unlit 3x3 ab.mat
  artifactKey: Guid(8e4bb08e9ff5d134fa0d5b0bfe6a2eb9) Importer(815301076,1909f56bfc062723c751e8b465ee728b)
Start importing Assets/materials/VFX/JMO Assets/Cartoon FX Remaster/CFXR Assets/Graphics/cfxr debris flat unlit 3x3 ab.mat using Guid(8e4bb08e9ff5d134fa0d5b0bfe6a2eb9) Importer(815301076,1909f56bfc062723c751e8b465ee728b)  -> (artifact id: 'e7eb4d9afeab55226acd044e20e128f6') in 0.183880 seconds 
========================================================================
Received Import Request.
  Time since last request: 0.000042 seconds.
  path: Assets/materials/VFX/JMO Assets/Cartoon FX Remaster/CFXR Assets/Graphics/cfxr proc ring electric hdr ab.mat
  artifactKey: Guid(63106879cfd3c96478c2feec3fcb4c4a) Importer(815301076,1909f56bfc062723c751e8b465ee728b)
Start importing Assets/materials/VFX/JMO Assets/Cartoon FX Remaster/CFXR Assets/Graphics/cfxr proc ring electric hdr ab.mat using Guid(63106879cfd3c96478c2feec3fcb4c4a) Importer(815301076,1909f56bfc062723c751e8b465ee728b)  -> (artifact id: 'eb48e9528e0e6c4fd6d065f09b24ff1f') in 0.191353 seconds 
========================================================================
Received Import Request.
  Time since last request: 0.000068 seconds.
  path: Assets/materials/VFX/JMO Assets/Cartoon FX Remaster/CFXR Assets/Graphics/cfxr smoke cloud x4 second color underlit ab.mat
  artifactKey: Guid(5005ee354c9f83748aaf746cea1880d9) Importer(815301076,1909f56bfc062723c751e8b465ee728b)
Start importing Assets/materials/VFX/JMO Assets/Cartoon FX Remaster/CFXR Assets/Graphics/cfxr smoke cloud x4 second color underlit ab.mat using Guid(5005ee354c9f83748aaf746cea1880d9) Importer(815301076,1909f56bfc062723c751e8b465ee728b)  -> (artifact id: '380fbf05e2aab45c04a8ab49f30e337a') in 0.124639 seconds 
========================================================================
Received Import Request.
  Time since last request: 0.000069 seconds.
  path: Assets/TextMesh Pro/Examples & Extras/Resources/Fonts & Materials/Roboto-Bold SDF - Surface.mat
  artifactKey: Guid(e6b276ec991f467aa14ef1f3cc665993) Importer(815301076,1909f56bfc062723c751e8b465ee728b)
Start importing Assets/TextMesh Pro/Examples & Extras/Resources/Fonts & Materials/Roboto-Bold SDF - Surface.mat using Guid(e6b276ec991f467aa14ef1f3cc665993) Importer(815301076,1909f56bfc062723c751e8b465ee728b)  -> (artifact id: 'fa738e9cf518c81bedcc7220168f944b') in 0.397528 seconds 
========================================================================
Received Import Request.
  Time since last request: 0.000039 seconds.
  path: Assets/materials/VFX/JMO Assets/Cartoon FX Remaster/CFXR Assets/Graphics/cfxr stretch rain blur ab nosp.mat
  artifactKey: Guid(1907056c31c502d498df765288c92228) Importer(815301076,1909f56bfc062723c751e8b465ee728b)
Start importing Assets/materials/VFX/JMO Assets/Cartoon FX Remaster/CFXR Assets/Graphics/cfxr stretch rain blur ab nosp.mat using Guid(1907056c31c502d498df765288c92228) Importer(815301076,1909f56bfc062723c751e8b465ee728b)  -> (artifact id: '5676e020ed9d8f03e797187019e97ecc') in 0.132598 seconds 
========================================================================
Received Import Request.
  Time since last request: 0.000051 seconds.
  path: Assets/materials/VFX/JMO Assets/Cartoon FX Remaster/CFXR Assets/Graphics/cfxr fire circle blur hdr ab.mat
  artifactKey: Guid(92f497a3f1c7b5d49ad1b2854dd5d2bd) Importer(815301076,1909f56bfc062723c751e8b465ee728b)
Start importing Assets/materials/VFX/JMO Assets/Cartoon FX Remaster/CFXR Assets/Graphics/cfxr fire circle blur hdr ab.mat using Guid(92f497a3f1c7b5d49ad1b2854dd5d2bd) Importer(815301076,1909f56bfc062723c751e8b465ee728b)  -> (artifact id: '4db3d8833113ae2102774368546ef0c1') in 0.075697 seconds 
========================================================================
Received Import Request.
  Time since last request: 0.000034 seconds.
  path: Assets/materials/VFX/JMO Assets/Cartoon FX Remaster/CFXR Assets/Graphics/cfxr line loop electric ab.mat
  artifactKey: Guid(3cc083982df3cf54fbce604867ef0cd9) Importer(815301076,1909f56bfc062723c751e8b465ee728b)
Start importing Assets/materials/VFX/JMO Assets/Cartoon FX Remaster/CFXR Assets/Graphics/cfxr line loop electric ab.mat using Guid(3cc083982df3cf54fbce604867ef0cd9) Importer(815301076,1909f56bfc062723c751e8b465ee728b)  -> (artifact id: '6401834b24a58fe63ff12aaa46d3a4fb') in 0.035160 seconds 
========================================================================
Received Import Request.
  Time since last request: 0.000062 seconds.
  path: Assets/materials/VFX/JMO Assets/Cartoon FX Remaster/CFXR Assets/Graphics/cfxr fire circle drawn hdr ab.mat
  artifactKey: Guid(fd90ae0fa3165884da778202eace3071) Importer(815301076,1909f56bfc062723c751e8b465ee728b)
Start importing Assets/materials/VFX/JMO Assets/Cartoon FX Remaster/CFXR Assets/Graphics/cfxr fire circle drawn hdr ab.mat using Guid(fd90ae0fa3165884da778202eace3071) Importer(815301076,1909f56bfc062723c751e8b465ee728b)  -> (artifact id: 'f1c067d249c1d4a413d1994e14d099ae') in 0.211424 seconds 
========================================================================
Received Import Request.
  Time since last request: 0.000047 seconds.
  path: Assets/materials/VFX/JMO Assets/Cartoon FX Remaster/CFXR Assets/Graphics/cfxr flamme blur unstable fine hdr ab.mat
  artifactKey: Guid(832254a1e17e6d242922c401632ff9cd) Importer(815301076,1909f56bfc062723c751e8b465ee728b)
Start importing Assets/materials/VFX/JMO Assets/Cartoon FX Remaster/CFXR Assets/Graphics/cfxr flamme blur unstable fine hdr ab.mat using Guid(832254a1e17e6d242922c401632ff9cd) Importer(815301076,1909f56bfc062723c751e8b465ee728b)  -> (artifact id: '746e14a608a5308d39f7d49a052b7a9b') in 0.025275 seconds 
========================================================================
Received Import Request.
  Time since last request: 0.000073 seconds.
  path: Assets/materials/VFX/JMO Assets/Cartoon FX Remaster/CFXR Assets/Graphics/cfxr fire edge hdr ab.mat
  artifactKey: Guid(d9c5aa6680f32ab48a1e81e4c58c4851) Importer(815301076,1909f56bfc062723c751e8b465ee728b)
Start importing Assets/materials/VFX/JMO Assets/Cartoon FX Remaster/CFXR Assets/Graphics/cfxr fire edge hdr ab.mat using Guid(d9c5aa6680f32ab48a1e81e4c58c4851) Importer(815301076,1909f56bfc062723c751e8b465ee728b)  -> (artifact id: 'b1d2240946843e5a5a7c5d572f754c6c') in 0.395710 seconds 
========================================================================
Received Import Request.
  Time since last request: 0.000066 seconds.
  path: Assets/materials/VFX/JMO Assets/Cartoon FX Remaster/CFXR Assets/Graphics/cfxr debris ice 2x2 ab lit.mat
  artifactKey: Guid(d7db40b0f0e0ac045b7b14e8f37ade3e) Importer(815301076,1909f56bfc062723c751e8b465ee728b)
Start importing Assets/materials/VFX/JMO Assets/Cartoon FX Remaster/CFXR Assets/Graphics/cfxr debris ice 2x2 ab lit.mat using Guid(d7db40b0f0e0ac045b7b14e8f37ade3e) Importer(815301076,1909f56bfc062723c751e8b465ee728b)  -> (artifact id: '3edcfb2daf87da625a58e16a76ab8259') in 0.340672 seconds 
========================================================================
Received Prepare
Registering precompiled user dll's ...
Registered in 0.008798 seconds.
Begin MonoManager ReloadAssembly
Symbol file LoadedFromMemory doesn't match image D:\unity files\unityProjectA\Library\PackageCache\com.unity.visualscripting@1.8.0\Editor\VisualScripting.Core\Dependencies\YamlDotNet\Unity.VisualScripting.YamlDotNet.dll
Symbol file LoadedFromMemory doesn't match image D:\unity files\unityProjectA\Library\PackageCache\com.unity.visualscripting@1.8.0\Editor\VisualScripting.Core\Dependencies\DotNetZip\Unity.VisualScripting.IonicZip.dll
Native extension for WindowsStandalone target not found
Refreshing native plugins compatible for Editor in 1.65 ms, found 3 plugins.
Preloading 0 native plugins for Editor in 0.00 ms.
Mono: successfully reloaded assembly
- Completed reload, in  3.579 seconds
Domain Reload Profiling:
	ReloadAssembly (3582ms)
		BeginReloadAssembly (389ms)
			ExecutionOrderSort (0ms)
			DisableScriptedObjects (17ms)
			BackupInstance (0ms)
			ReleaseScriptingObjects (0ms)
			CreateAndSetChildDomain (86ms)
		EndReloadAssembly (2883ms)
			LoadAssemblies (257ms)
			RebuildTransferFunctionScriptingTraits (0ms)
			SetupTypeCache (871ms)
			ReleaseScriptCaches (3ms)
			RebuildScriptCaches (131ms)
			SetupLoadedEditorAssemblies (1392ms)
				LogAssemblyErrors (0ms)
				InitializePlatformSupportModulesInManaged (57ms)
				SetLoadedEditorAssemblies (3ms)
				RefreshPlugins (2ms)
				BeforeProcessingInitializeOnLoad (219ms)
				ProcessInitializeOnLoadAttributes (963ms)
				ProcessInitializeOnLoadMethodAttributes (111ms)
				AfterProcessingInitializeOnLoad (35ms)
				EditorAssembliesLoaded (1ms)
			ExecutionOrderSort2 (0ms)
			AwakeInstancesAfterBackupRestoration (26ms)
Platform modules already initialized, skipping
Refreshing native plugins compatible for Editor in 3.93 ms, found 3 plugins.
Preloading 0 native plugins for Editor in 0.00 ms.
Unloading 3113 Unused Serialized files (Serialized files now loaded: 0)
Unloading 15 unused Assets / (24.6 KB). Loaded Objects now: 3648.
Memory consumption went from 115.9 MB to 115.9 MB.
Total: 8.571690 ms (FindLiveObjects: 0.464933 ms CreateObjectMapping: 0.196533 ms MarkObjects: 7.738134 ms  DeleteObjects: 0.162311 ms)

AssetImportParameters requested are different than current active one (requested -> active):
  custom:video-decoder-ogg-theora: a1e56fd34408186e4bbccfd4996cb3dc -> 
  custom:container-muxer-webm: aa71ff27fc2769a1b78a27578f13a17b -> 
  custom:container-demuxer-webm: 4f35f7cbe854078d1ac9338744f61a02 -> 
  custom:video-encoder-webm-vp8: eb34c28f22e8b96e1ab97ce403110664 -> 
  custom:audio-encoder-webm-vorbis: bf7c407c2cedff20999df2af8eb42d56 -> 
  custom:framework-win-MediaFoundation: 216162199b28c13a410421893ffa2e32 -> 
  custom:container-demuxer-ogg: 62fdf1f143b41e24485cea50d1cbac27 -> 
  custom:video-decoder-webm-vp8: 9c59270c3fd7afecdb556c50c9e8de78 -> 
  custom:audio-decoder-ogg-vorbis: bf7c407c2cedff20999df2af8eb42d56 -> 
Editor requested this worker to shutdown with reason: Scaling down because of idle timeout
AssetImportWorker is now disconnected from the server
Process exiting
Exiting without the bug reporter. Application will terminate with return code 0